<?xml version="1.0" encoding="UTF-8"?>
<!-- Generated by org.testng.reporters.JUnitReportReporter -->
<testsuite skipped="0" hostname="DESKTOP-4MB2FDO" name="runner.RunDemoTest" tests="1" failures="0" timestamp="2021-11-21T03:46:18 GMT" time="18.994" errors="0">
  <testcase name="runScenario" time="18.994" classname="runner.RunDemoTest"/>
  <system-out/>
</testsuite> <!-- runner.RunDemoTest -->
